Microsoft (R) Macro Assembler Version 14.00.23506.0	    04/04/16 17:46:41
vhll.asm						     Page 1 - 1


				; ллллллллллллллллллллллллллллллллллллллллллллллллллллллллллллллллллллллллл

				    include theworks.inc
			      C   hi MACRO
			      C     .486                       ; create 32 bit code
			      C     .model flat, stdcall       ; 32 bit memory model
			      C     option casemap :none       ; case sensitive
			      C     ReEntryPoint PROTO
			      C     includelib smalled.lib
			      C     .data
			      C       MASM32Object MASM32OBJECT <ReEntryPoint,0,0,0>
			      C     .code
			      C     application:
			      C   ENDM
			      C 
 00000014		      C   MASM32OBJECT STRUCT
 00000000  00000000	      C     editor      dd  ?
 00000004  00000000	      C     notwritten1 dd  ?
 00000008  00000000	      C     notwritten2 dd  ?
 0000000C  00000000	      C     notwritten3 dd  ?
 00000010  00000000	      C     notwritten4 dd  ?
			      C   MASM32OBJECT ENDS
			      C 
			      C   bye MACRO
			      C     end application
			      C   ENDM
			      C 

				    hi
 00000000		     1	    .data
 00000000 00000000 E	     1	      MASM32Object MASM32OBJECT <ReEntryPoint,0,0,0>
	   00000000
	   00000000
	   00000000
	   00000000
 00000000		     1	    .code
 00000000		     1	    application:

 00000000  FF 15 00000000 R	    call MASM32Object.editor

				    bye

				; ллллллллллллллллллллллллллллллллллллллллллллллллллллллллллллллллллллллллл
Microsoft (R) Macro Assembler Version 14.00.23506.0	    04/04/16 17:46:41
vhll.asm						     Symbols 2 - 1




Macros:

                N a m e                 Type

bye  . . . . . . . . . . . . . .	Proc
hi . . . . . . . . . . . . . . .	Proc


Structures and Unions:

                N a m e                  Size
                                         Offset      Type

MASM32OBJECT . . . . . . . . . .	 00000014
  editor . . . . . . . . . . . .	 00000000	 DWord
  notwritten1  . . . . . . . . .	 00000004	 DWord
  notwritten2  . . . . . . . . .	 00000008	 DWord
  notwritten3  . . . . . . . . .	 0000000C	 DWord
  notwritten4  . . . . . . . . .	 00000010	 DWord


Segments and Groups:

                N a m e                 Size     Length   Align   Combine Class

FLAT . . . . . . . . . . . . . .	GROUP
_DATA  . . . . . . . . . . . . .	32 Bit	 00000014 Para	  Public  'DATA'	
_TEXT  . . . . . . . . . . . . .	32 Bit	 00000006 Para	  Public  'CODE'	


Procedures, parameters, and locals:

                N a m e                 Type     Value    Attr

ReEntryPoint . . . . . . . . . .	P Near	 00000000 FLAT	Length= 00000000 External STDCALL


Symbols:

                N a m e                 Type     Value    Attr

@CodeSize  . . . . . . . . . . .	Number	 00000000h   
@DataSize  . . . . . . . . . . .	Number	 00000000h   
@Interface . . . . . . . . . . .	Number	 00000003h   
@Model . . . . . . . . . . . . .	Number	 00000007h   
@code  . . . . . . . . . . . . .	Text   	 _TEXT
@data  . . . . . . . . . . . . .	Text   	 FLAT
@fardata?  . . . . . . . . . . .	Text   	 FLAT
@fardata . . . . . . . . . . . .	Text   	 FLAT
@stack . . . . . . . . . . . . .	Text   	 FLAT
MASM32Object . . . . . . . . . .	MASM32OBJECT  00000000 _DATA	
application  . . . . . . . . . .	L Near	 00000000 _TEXT	Public STDCALL

	   0 Warnings
	   0 Errors
