  Assembling confrm.asm...
  Assembling csrchdlg.asm...
  Assembling ectrl.asm...
  Assembling edproc.asm...
  Assembling getfn.asm...
  Assembling idat.asm...
  Assembling includes.asm...
  Assembling mrgfile.asm...
  Assembling ofcb.asm...
  Assembling richedit.asm...
richedit.asm(470): warning A5000: @@: label defined but not referenced
slctfile.asm(18): warning A6004: procedure argument or local not referenced : tl
ectrl.asm(39): warning A6004: procedure argument or local not referenced : hFont
mrgfile.asm(39): warning A6004: procedure argument or local not referenced : poz
mrgfile.asm(39): warning A6004: procedure argument or local not referenced : Cr
schproc.asm(79): warning A6004: procedure argument or local not referenced : lParam
richedit.asm(236): warning A6004: procedure argument or local not referenced : hPrevInst
richedit.asm(236): warning A6004: procedure argument or local not referenced : CmdLine
richedit.asm(236): warning A6004: procedure argument or local not referenced : CmdShow
richedit.asm(561): warning A6004: procedure argument or local not referenced : var
richedit.asm(561): warning A6004: procedure argument or local not referenced : caW
richedit.asm(561): warning A6004: procedure argument or local not referenced : caH
richedit.asm(561): warning A6004: procedure argument or local not referenced : hDC
richedit.asm(561): warning A6004: procedure argument or local not referenced : nmh
richedit.asm(561): warning A6004: procedure argument or local not referenced : Ps
richedit.asm(561): warning A6004: procedure argument or local not referenced : tbab
richedit.asm(561): warning A6004: procedure argument or local not referenced : tbb
  Assembling savefn.asm...
  Assembling schproc.asm...
  Assembling setbmc.asm...
  Assembling sfcb.asm...
  Assembling slctfile.asm...
  Assembling status.asm...
  Assembling strmin.asm...
  Assembling strmout.asm...
  Assembling tbar.asm...
  Assembling tbmacros.asm...
  Assembling tpxy.asm...
  Assembling txtfnd.asm...
  Assembling udat.asm...
  Unique_Riched.vcxproj -> D:\Github\masm32-package-vs2015.git\trunk\Debug\GUI\Unique_Riched\Unique_Riched.exe
