  Assembling a2dw.asm...
  Assembling a2dw_ex.asm...
  Assembling a2wc.asm...
  Assembling about.asm...
about.asm(74): warning A6004: procedure argument or local not referenced : Icon
about.asm(74): warning A6004: procedure argument or local not referenced : appname
about.asm(74): warning A6004: procedure argument or local not referenced : description
about.asm(74): warning A6004: procedure argument or local not referenced : copyright
about.asm(242): warning A6004: procedure argument or local not referenced : Icon
  Assembling acisort.asm...
acisort.asm(135): warning A6004: procedure argument or local not referenced : sflag
acisort.asm(135): warning A6004: procedure argument or local not referenced : hflag
  Assembling aissort.asm...
aissort.asm(69): warning A6004: procedure argument or local not referenced : arr
aissort.asm(69): warning A6004: procedure argument or local not referenced : cnt
  Assembling alloc.asm...
  Assembling appath.asm...
  Assembling appathw.asm...
  Assembling argbynum.asm...
  Assembling arr2file.asm...
  Assembling arr2mem.asm...
  Assembling arr2text.asm...
  Assembling arradd.asm...
  Assembling arralloc.asm...
  Assembling arrbin.asm...
  Assembling arrcnt.asm...
arrcnt.asm(23): warning A6004: procedure argument or local not referenced : arr
  Assembling arrdat.asm...
  Assembling arrealloc.asm...
  Assembling arrealoc.asm...
  Assembling arrextnd.asm...
arrextnd.asm(61): warning A6004: procedure argument or local not referenced : acnt
  Assembling arrfile.asm...
  Assembling arrfree.asm...
arrfree.asm(52): warning A6004: procedure argument or local not referenced : arr
  Assembling arrget.asm...
arrget.asm(38): warning A6004: procedure argument or local not referenced : arr
arrget.asm(38): warning A6004: procedure argument or local not referenced : indx
  Assembling arrlen.asm...
arrlen.asm(26): warning A6004: procedure argument or local not referenced : arr
arrlen.asm(26): warning A6004: procedure argument or local not referenced : indx
  Assembling arrmul.asm...
  Assembling arrset.asm...
  Assembling arrsub.asm...
  Assembling arrtotal.asm...
arrtotal.asm(47): warning A6004: procedure argument or local not referenced : arr
arrtotal.asm(47): warning A6004: procedure argument or local not referenced : crlf
  Assembling arrtrunc.asm...
  Assembling arrtxt.asm...
  Assembling arrxtnd.asm...
arrxtnd.asm(61): warning A6004: procedure argument or local not referenced : acnt
  Assembling ascdump.asm...
  Assembling asqsort.asm...
asqsort.asm(109): warning A5000: @@: label defined but not referenced
  Assembling assort.asm...
  Assembling atodw.asm...
  Assembling atofp.asm...
  Assembling atol.asm...
atol.asm(53): warning A6004: procedure argument or local not referenced : lpSrc
  Assembling b2b_ex.asm...
  Assembling bcount.asm...
  Assembling bffolder.asm...
bffolder.asm(76): warning A6004: procedure argument or local not referenced : uMsg
bffolder.asm(76): warning A6004: procedure argument or local not referenced : lParam
  Assembling bin2b_ex.asm...
bin2b_ex.asm(2319): warning A6004: procedure argument or local not referenced : lpword
  Assembling bin2hex.asm...
  Assembling bintbl.asm...
  Assembling bitmapfromfile.asm...
  Assembling bitmapfrompicture.asm...
  Assembling bitmapfromresource.asm...
  Assembling bldarray.asm...
  Assembling bm.asm...
  Assembling bmh.asm...
  Assembling bmpbutn.asm...
  Assembling bsearch.asm...
bsearch.asm(92): warning A6004: procedure argument or local not referenced : stpos
bsearch.asm(92): warning A6004: procedure argument or local not referenced : src
bsearch.asm(92): warning A6004: procedure argument or local not referenced : slen
bsearch.asm(92): warning A6004: procedure argument or local not referenced : patn
bsearch.asm(92): warning A6004: procedure argument or local not referenced : plen
  Assembling bubsrta.asm...
  Assembling bubsrtd.asm...
  Assembling ccsorta.asm...
  Assembling ccsortd.asm...
  Assembling chtyptbl.asm...
  Assembling circle.asm...
  Assembling clargs.asm...
  Assembling clargsc.asm...
  Assembling clearscr.asm...
  Assembling closemmf.asm...
  Assembling cmpi.asm...
cmpi.asm(66): warning A6004: procedure argument or local not referenced : src
cmpi.asm(66): warning A6004: procedure argument or local not referenced : dst
  Assembling cmpmem.asm...
cmpmem.asm(70): warning A6004: procedure argument or local not referenced : buf1
cmpmem.asm(70): warning A6004: procedure argument or local not referenced : buf2
cmpmem.asm(70): warning A6004: procedure argument or local not referenced : bcnt
  Assembling colordlg.asm...
  Assembling combsrta.asm...
  Assembling combsrtd.asm...
  Assembling creatmmf.asm...
  Assembling cstsorta.asm...
  Assembling cstsortd.asm...
  Assembling dbmp.asm...
  Assembling dcisort.asm...
dcisort.asm(135): warning A6004: procedure argument or local not referenced : sflag
dcisort.asm(135): warning A6004: procedure argument or local not referenced : hflag
  Assembling decommnt.asm...
decommnt.asm(121): warning A6004: procedure argument or local not referenced : src
  Assembling dectbl.asm...
  Assembling dicon.asm...
  Assembling dissort.asm...
dissort.asm(69): warning A6004: procedure argument or local not referenced : arr
dissort.asm(69): warning A6004: procedure argument or local not referenced : cnt
  Assembling dsqsort.asm...
dsqsort.asm(109): warning A5000: @@: label defined but not referenced
  Assembling dssort.asm...
  Assembling dw2a.asm...
  Assembling dw2ah.asm...
  Assembling dw2b_ex.asm...
  Assembling dw2hex.asm...
  Assembling dw2h_ex.asm...
dw2h_ex.asm(40): warning A6004: procedure argument or local not referenced : src
dw2h_ex.asm(40): warning A6004: procedure argument or local not referenced : buf
  Assembling dwtoa.asm...
  Assembling exist.asm...
  Assembling existW.asm...
  Assembling filesize.asm...
  Assembling filesizeW.asm...
  Assembling fntdlg.asm...
  Assembling fptoa.asm...
  Assembling fptoa2.asm...
  Assembling frame3d.asm...
  Assembling framegrp.asm...
  Assembling framewin.asm...
  Assembling free.asm...
  Assembling frmctrl.asm...
  Assembling getcbtxt.asm...
  Assembling getcl.asm...
  Assembling getcl_ex.asm...
  Assembling geterror.asm...
  Assembling getfile.asm...
getfile.asm(52): warning A6004: procedure argument or local not referenced : Icon
getfile.asm(52): warning A6004: procedure argument or local not referenced : caption
getfile.asm(52): warning A6004: procedure argument or local not referenced : pattern
getfile.asm(52): warning A6004: procedure argument or local not referenced : buffer
  Assembling getip.asm...
getip.asm(64): warning A6004: procedure argument or local not referenced : Icon
getip.asm(64): warning A6004: procedure argument or local not referenced : lpCaption
getip.asm(64): warning A6004: procedure argument or local not referenced : lpText
getip.asm(64): warning A6004: procedure argument or local not referenced : defIP
  Assembling getlcnt.asm...
  Assembling getml.asm...
  Assembling getpcnt.asm...
getpcnt.asm(34): warning A6004: procedure argument or local not referenced : source
getpcnt.asm(34): warning A6004: procedure argument or local not referenced : percent
  Assembling getpth.asm...
  Assembling gettext.asm...
gettext.asm(61): warning A6004: procedure argument or local not referenced : Icon
gettext.asm(61): warning A6004: procedure argument or local not referenced : caption
gettext.asm(61): warning A6004: procedure argument or local not referenced : subcaption
gettext.asm(61): warning A6004: procedure argument or local not referenced : lpbuffer
  Assembling h2btbl.asm...
  Assembling hex2bin.asm...
  Assembling hexdump.asm...
  Assembling hexflip.asm...
  Assembling hextbl.asm...
  Assembling htodw.asm...
  Assembling instring.asm...
  Assembling intdiv.asm...
  Assembling intmul.asm...
  Assembling intsqrt.asm...
  Assembling ip2str.asm...
  Assembling isalpha.asm...
isalpha.asm(38): warning A6004: procedure argument or local not referenced : char
  Assembling isanum.asm...
isanum.asm(47): warning A6004: procedure argument or local not referenced : char
  Assembling islower.asm...
islower.asm(29): warning A6004: procedure argument or local not referenced : char
  Assembling isnumber.asm...
isnumber.asm(29): warning A6004: procedure argument or local not referenced : char
  Assembling isupper.asm...
isupper.asm(29): warning A6004: procedure argument or local not referenced : char
  Assembling lfcnt.asm...
  Assembling line.asm...
  Assembling loadlist.asm...
  Assembling locate.asm...
locate.asm(34): warning A6004: procedure argument or local not referenced : xyVar
  Assembling lstdrivs.asm...
  Assembling ltoa.asm...
  Assembling ltok.asm...
  Assembling memcopy.asm...
  Assembling memfill.asm...
  Assembling namefpth.asm...
  Assembling NameFromPathW.asm...
  Assembling nrand.asm...
  Assembling opendlg.asm...
  Assembling pagedlg.asm...
  Assembling parsline.asm...
  Assembling partial.asm...
  Assembling PathOnlyW.asm...
PathOnlyW.asm(68): warning A6004: procedure argument or local not referenced : src
PathOnlyW.asm(68): warning A6004: procedure argument or local not referenced : dst
  Assembling printdlg.asm...
  Assembling qsorta.asm...
  Assembling qsortd.asm...
  Assembling qstsorta.asm...
  Assembling qstsortd.asm...
  Assembling readdisk.asm...
  Assembling readdiskW.asm...
  Assembling readline.asm...
readline.asm(75): warning A6004: procedure argument or local not referenced : source
readline.asm(75): warning A6004: procedure argument or local not referenced : buffer
readline.asm(75): warning A6004: procedure argument or local not referenced : spos
  Assembling reload.asm...
  Assembling resave.asm...
  Assembling retfont.asm...
  Assembling retkey.asm...
  Assembling riched1.asm...
riched1.asm(40): warning A6004: procedure argument or local not referenced : hndl
  Assembling riched2.asm...
riched2.asm(40): warning A6004: procedure argument or local not referenced : hndl
  Assembling roldata.asm...
  Assembling rordata.asm...
  Assembling rsync_ex.asm...
  Assembling runsync.asm...
runsync.asm(103): warning A6004: procedure argument or local not referenced : xc
  Assembling savedlg.asm...
  Assembling sbm.asm...
  Assembling setbmclr.asm...
  Assembling setcbtxt.asm...
  Assembling shell.asm...
  Assembling shell_ex.asm...
  Assembling ssorta.asm...
ssorta.asm(92): warning A6004: procedure argument or local not referenced : arr
ssorta.asm(92): warning A6004: procedure argument or local not referenced : left
ssorta.asm(92): warning A6004: procedure argument or local not referenced : right
  Assembling ssortd.asm...
ssortd.asm(92): warning A6004: procedure argument or local not referenced : arr
ssortd.asm(92): warning A6004: procedure argument or local not referenced : left
ssortd.asm(92): warning A6004: procedure argument or local not referenced : right
  Assembling stderr.asm...
  Assembling stderrw.asm...
  Assembling stdin.asm...
  Assembling StdInW.asm...
  Assembling stdout.asm...
  Assembling stdoutw.asm...
  Assembling stripi.asm...
  Assembling striplf.asm...
striplf.asm(31): warning A6004: procedure argument or local not referenced : src
  Assembling stripx.asm...
  Assembling strlen.asm...
strlen.asm(56): warning A6004: procedure argument or local not referenced : item
  Assembling szappend.asm...
szappend.asm(47): warning A6004: procedure argument or local not referenced : string
szappend.asm(47): warning A6004: procedure argument or local not referenced : buffer
szappend.asm(47): warning A6004: procedure argument or local not referenced : location
  Assembling szcatstr.asm...
szcatstr.asm(41): warning A6004: procedure argument or local not referenced : lpszSource
szcatstr.asm(41): warning A6004: procedure argument or local not referenced : lpszAdd
  Assembling szcmp.asm...
szcmp.asm(60): warning A6004: procedure argument or local not referenced : str1
szcmp.asm(60): warning A6004: procedure argument or local not referenced : str2
  Assembling szcmpi.asm...
szcmpi.asm(70): warning A6004: procedure argument or local not referenced : src
szcmpi.asm(70): warning A6004: procedure argument or local not referenced : dst
szcmpi.asm(70): warning A6004: procedure argument or local not referenced : ln
  Assembling szcopy.asm...
szcopy.asm(43): warning A6004: procedure argument or local not referenced : src
szcopy.asm(43): warning A6004: procedure argument or local not referenced : dst
  Assembling szleft.asm...
szleft.asm(43): warning A6004: procedure argument or local not referenced : src
szleft.asm(43): warning A6004: procedure argument or local not referenced : dst
szleft.asm(43): warning A6004: procedure argument or local not referenced : ln
  Assembling szlen.asm...
szlen.asm(47): warning A6004: procedure argument or local not referenced : src
  Assembling szlower.asm...
szlower.asm(42): warning A6004: procedure argument or local not referenced : text
  Assembling szltrim.asm...
  Assembling szmid.asm...
szmid.asm(40): warning A6004: procedure argument or local not referenced : src
szmid.asm(40): warning A6004: procedure argument or local not referenced : dst
szmid.asm(40): warning A6004: procedure argument or local not referenced : stp
szmid.asm(40): warning A6004: procedure argument or local not referenced : ln
  Assembling szmonosp.asm...
szmonosp.asm(79): warning A6004: procedure argument or local not referenced : src
  Assembling szmulcat.asm...
szmulcat.asm(79): warning A6004: procedure argument or local not referenced : pcount
szmulcat.asm(79): warning A6004: procedure argument or local not referenced : lpBuffer
szmulcat.asm(79): warning A6004: procedure argument or local not referenced : args
  Assembling szremove.asm...
szremove.asm(82): warning A6004: procedure argument or local not referenced : src
szremove.asm(82): warning A6004: procedure argument or local not referenced : dst
szremove.asm(82): warning A6004: procedure argument or local not referenced : remv
  Assembling szreplac.asm...
  Assembling szrev.asm...
  Assembling szright.asm...
szright.asm(42): warning A6004: procedure argument or local not referenced : src
szright.asm(42): warning A6004: procedure argument or local not referenced : dst
szright.asm(42): warning A6004: procedure argument or local not referenced : ln
  Assembling szrtrim.asm...
  Assembling sztrim.asm...
  Assembling szupper.asm...
szupper.asm(42): warning A6004: procedure argument or local not referenced : text
  Assembling szwcnt.asm...
szwcnt.asm(66): warning A6004: procedure argument or local not referenced : src
szwcnt.asm(66): warning A6004: procedure argument or local not referenced : txt
  Assembling testreg.asm...
  Assembling tstline.asm...
tstline.asm(50): warning A6004: procedure argument or local not referenced : lpstr
  Assembling ucappend.asm...
ucappend.asm(50): warning A6004: procedure argument or local not referenced : buffer
ucappend.asm(50): warning A6004: procedure argument or local not referenced : string
ucappend.asm(50): warning A6004: procedure argument or local not referenced : cloc
  Assembling ucArgByNum.asm...
  Assembling uccat.asm...
uccat.asm(40): warning A6004: procedure argument or local not referenced : wstr1
uccat.asm(40): warning A6004: procedure argument or local not referenced : wstr2
  Assembling ucCmdTail.asm...
  Assembling uccmp.asm...
uccmp.asm(46): warning A6004: procedure argument or local not referenced : wst1
uccmp.asm(46): warning A6004: procedure argument or local not referenced : wst2
  Assembling uccopy.asm...
uccopy.asm(38): warning A6004: procedure argument or local not referenced : wsrc
uccopy.asm(38): warning A6004: procedure argument or local not referenced : wdst
  Assembling ucfind.asm...
  Assembling ucGetCL.asm...
  Assembling ucgetline.asm...
ucgetline.asm(54): warning A6004: procedure argument or local not referenced : src
ucgetline.asm(54): warning A6004: procedure argument or local not referenced : dst
ucgetline.asm(54): warning A6004: procedure argument or local not referenced : cloc
  Assembling ucleft.asm...
ucleft.asm(42): warning A6004: procedure argument or local not referenced : wsrc
ucleft.asm(42): warning A6004: procedure argument or local not referenced : wdst
ucleft.asm(42): warning A6004: procedure argument or local not referenced : ccnt
  Assembling uclen.asm...
uclen.asm(35): warning A6004: procedure argument or local not referenced : lpwstr
  Assembling uclower.asm...
  Assembling ucltrim.asm...
ucltrim.asm(37): warning A6004: procedure argument or local not referenced : wsrc
ucltrim.asm(37): warning A6004: procedure argument or local not referenced : wdst
  Assembling ucmid.asm...
ucmid.asm(45): warning A6004: procedure argument or local not referenced : wsrc
ucmid.asm(45): warning A6004: procedure argument or local not referenced : wdst
ucmid.asm(45): warning A6004: procedure argument or local not referenced : stPos
ucmid.asm(45): warning A6004: procedure argument or local not referenced : ln
  Assembling ucMonoSpace.asm...
ucMonoSpace.asm(80): warning A6004: procedure argument or local not referenced : src
  Assembling ucmulcat.asm...
  Assembling ucremove.asm...
ucremove.asm(84): warning A6004: procedure argument or local not referenced : src
ucremove.asm(84): warning A6004: procedure argument or local not referenced : dst
ucremove.asm(84): warning A6004: procedure argument or local not referenced : remv
  Assembling ucrep.asm...
  Assembling ucrev.asm...
ucrev.asm(58): warning A6004: procedure argument or local not referenced : wsrc
ucrev.asm(58): warning A6004: procedure argument or local not referenced : wdst
  Assembling ucright.asm...
ucright.asm(45): warning A6004: procedure argument or local not referenced : wsrc
ucright.asm(45): warning A6004: procedure argument or local not referenced : wdst
ucright.asm(45): warning A6004: procedure argument or local not referenced : ccnt
  Assembling ucrtrim.asm...
ucrtrim.asm(47): warning A6004: procedure argument or local not referenced : wsrc
ucrtrim.asm(47): warning A6004: procedure argument or local not referenced : wdst
  Assembling ucupper.asm...
  Assembling ucwcnt.asm...
  Assembling udw2str.asm...
  Assembling uopendlg.asm...
  Assembling usavedlg.asm...
  Assembling ustr2dw.asm...
  Assembling vtile.asm...
  Assembling w2b_ex.asm...
  Assembling wait_key.asm...
  Assembling wordcnt.asm...
  Assembling wordrep.asm...
  Assembling writdisk.asm...
  Assembling writdiskW.asm...
  Assembling writline.asm...
writline.asm(55): warning A6004: procedure argument or local not referenced : source
writline.asm(55): warning A6004: procedure argument or local not referenced : buffer
writline.asm(55): warning A6004: procedure argument or local not referenced : spos
writline.asm(55): warning A6004: procedure argument or local not referenced : flag
  Assembling wshell.asm...
wshell.asm(50): warning A6004: procedure argument or local not referenced : xc
  Assembling wtok.asm...
  Assembling xordata.asm...
  m32lib.vcxproj -> D:\Github\masm32-package-vs2015.git\trunk\Debug\PACKAGES\masm32\masm32.lib
