d:\github\masm32-package-vs2015.git\trunk\debug\packages\masm32\masm32.lib
d:\github\masm32-package-vs2015.git\trunk\m32lib\debug\a2dw.obj
d:\github\masm32-package-vs2015.git\trunk\m32lib\debug\a2dw_ex.obj
d:\github\masm32-package-vs2015.git\trunk\m32lib\debug\a2wc.obj
d:\github\masm32-package-vs2015.git\trunk\m32lib\debug\about.obj
d:\github\masm32-package-vs2015.git\trunk\m32lib\debug\acisort.obj
d:\github\masm32-package-vs2015.git\trunk\m32lib\debug\aissort.obj
d:\github\masm32-package-vs2015.git\trunk\m32lib\debug\alloc.obj
d:\github\masm32-package-vs2015.git\trunk\m32lib\debug\appath.obj
d:\github\masm32-package-vs2015.git\trunk\m32lib\debug\appathw.obj
d:\github\masm32-package-vs2015.git\trunk\m32lib\debug\argbynum.obj
d:\github\masm32-package-vs2015.git\trunk\m32lib\debug\arr2file.obj
d:\github\masm32-package-vs2015.git\trunk\m32lib\debug\arr2mem.obj
d:\github\masm32-package-vs2015.git\trunk\m32lib\debug\arr2text.obj
d:\github\masm32-package-vs2015.git\trunk\m32lib\debug\arradd.obj
d:\github\masm32-package-vs2015.git\trunk\m32lib\debug\arralloc.obj
d:\github\masm32-package-vs2015.git\trunk\m32lib\debug\arrbin.obj
d:\github\masm32-package-vs2015.git\trunk\m32lib\debug\arrcnt.obj
d:\github\masm32-package-vs2015.git\trunk\m32lib\debug\arrdat.obj
d:\github\masm32-package-vs2015.git\trunk\m32lib\debug\arrealloc.obj
d:\github\masm32-package-vs2015.git\trunk\m32lib\debug\arrealoc.obj
d:\github\masm32-package-vs2015.git\trunk\m32lib\debug\arrextnd.obj
d:\github\masm32-package-vs2015.git\trunk\m32lib\debug\arrfile.obj
d:\github\masm32-package-vs2015.git\trunk\m32lib\debug\arrfree.obj
d:\github\masm32-package-vs2015.git\trunk\m32lib\debug\arrget.obj
d:\github\masm32-package-vs2015.git\trunk\m32lib\debug\arrlen.obj
d:\github\masm32-package-vs2015.git\trunk\m32lib\debug\arrmul.obj
d:\github\masm32-package-vs2015.git\trunk\m32lib\debug\arrset.obj
d:\github\masm32-package-vs2015.git\trunk\m32lib\debug\arrsub.obj
d:\github\masm32-package-vs2015.git\trunk\m32lib\debug\arrtotal.obj
d:\github\masm32-package-vs2015.git\trunk\m32lib\debug\arrtrunc.obj
d:\github\masm32-package-vs2015.git\trunk\m32lib\debug\arrtxt.obj
d:\github\masm32-package-vs2015.git\trunk\m32lib\debug\arrxtnd.obj
d:\github\masm32-package-vs2015.git\trunk\m32lib\debug\ascdump.obj
d:\github\masm32-package-vs2015.git\trunk\m32lib\debug\asqsort.obj
d:\github\masm32-package-vs2015.git\trunk\m32lib\debug\assort.obj
d:\github\masm32-package-vs2015.git\trunk\m32lib\debug\atodw.obj
d:\github\masm32-package-vs2015.git\trunk\m32lib\debug\atofp.obj
d:\github\masm32-package-vs2015.git\trunk\m32lib\debug\atol.obj
d:\github\masm32-package-vs2015.git\trunk\m32lib\debug\b2b_ex.obj
d:\github\masm32-package-vs2015.git\trunk\m32lib\debug\bcount.obj
d:\github\masm32-package-vs2015.git\trunk\m32lib\debug\bffolder.obj
d:\github\masm32-package-vs2015.git\trunk\m32lib\debug\bin2b_ex.obj
d:\github\masm32-package-vs2015.git\trunk\m32lib\debug\bin2hex.obj
d:\github\masm32-package-vs2015.git\trunk\m32lib\debug\bintbl.obj
d:\github\masm32-package-vs2015.git\trunk\m32lib\debug\bitmapfromfile.obj
d:\github\masm32-package-vs2015.git\trunk\m32lib\debug\bitmapfrompicture.obj
d:\github\masm32-package-vs2015.git\trunk\m32lib\debug\bitmapfromresource.obj
d:\github\masm32-package-vs2015.git\trunk\m32lib\debug\bldarray.obj
d:\github\masm32-package-vs2015.git\trunk\m32lib\debug\bm.obj
d:\github\masm32-package-vs2015.git\trunk\m32lib\debug\bmh.obj
d:\github\masm32-package-vs2015.git\trunk\m32lib\debug\bmpbutn.obj
d:\github\masm32-package-vs2015.git\trunk\m32lib\debug\bsearch.obj
d:\github\masm32-package-vs2015.git\trunk\m32lib\debug\bubsrta.obj
d:\github\masm32-package-vs2015.git\trunk\m32lib\debug\bubsrtd.obj
d:\github\masm32-package-vs2015.git\trunk\m32lib\debug\ccsorta.obj
d:\github\masm32-package-vs2015.git\trunk\m32lib\debug\ccsortd.obj
d:\github\masm32-package-vs2015.git\trunk\m32lib\debug\chtyptbl.obj
d:\github\masm32-package-vs2015.git\trunk\m32lib\debug\circle.obj
d:\github\masm32-package-vs2015.git\trunk\m32lib\debug\clargs.obj
d:\github\masm32-package-vs2015.git\trunk\m32lib\debug\clargsc.obj
d:\github\masm32-package-vs2015.git\trunk\m32lib\debug\clearscr.obj
d:\github\masm32-package-vs2015.git\trunk\m32lib\debug\closemmf.obj
d:\github\masm32-package-vs2015.git\trunk\m32lib\debug\cmpi.obj
d:\github\masm32-package-vs2015.git\trunk\m32lib\debug\cmpmem.obj
d:\github\masm32-package-vs2015.git\trunk\m32lib\debug\colordlg.obj
d:\github\masm32-package-vs2015.git\trunk\m32lib\debug\combsrta.obj
d:\github\masm32-package-vs2015.git\trunk\m32lib\debug\combsrtd.obj
d:\github\masm32-package-vs2015.git\trunk\m32lib\debug\creatmmf.obj
d:\github\masm32-package-vs2015.git\trunk\m32lib\debug\cstsorta.obj
d:\github\masm32-package-vs2015.git\trunk\m32lib\debug\cstsortd.obj
d:\github\masm32-package-vs2015.git\trunk\m32lib\debug\dbmp.obj
d:\github\masm32-package-vs2015.git\trunk\m32lib\debug\dcisort.obj
d:\github\masm32-package-vs2015.git\trunk\m32lib\debug\decommnt.obj
d:\github\masm32-package-vs2015.git\trunk\m32lib\debug\dectbl.obj
d:\github\masm32-package-vs2015.git\trunk\m32lib\debug\dicon.obj
d:\github\masm32-package-vs2015.git\trunk\m32lib\debug\dissort.obj
d:\github\masm32-package-vs2015.git\trunk\m32lib\debug\dsqsort.obj
d:\github\masm32-package-vs2015.git\trunk\m32lib\debug\dssort.obj
d:\github\masm32-package-vs2015.git\trunk\m32lib\debug\dw2a.obj
d:\github\masm32-package-vs2015.git\trunk\m32lib\debug\dw2ah.obj
d:\github\masm32-package-vs2015.git\trunk\m32lib\debug\dw2b_ex.obj
d:\github\masm32-package-vs2015.git\trunk\m32lib\debug\dw2hex.obj
d:\github\masm32-package-vs2015.git\trunk\m32lib\debug\dw2h_ex.obj
d:\github\masm32-package-vs2015.git\trunk\m32lib\debug\dwtoa.obj
d:\github\masm32-package-vs2015.git\trunk\m32lib\debug\exist.obj
d:\github\masm32-package-vs2015.git\trunk\m32lib\debug\existw.obj
d:\github\masm32-package-vs2015.git\trunk\m32lib\debug\filesize.obj
d:\github\masm32-package-vs2015.git\trunk\m32lib\debug\filesizew.obj
d:\github\masm32-package-vs2015.git\trunk\m32lib\debug\fntdlg.obj
d:\github\masm32-package-vs2015.git\trunk\m32lib\debug\fptoa.obj
d:\github\masm32-package-vs2015.git\trunk\m32lib\debug\fptoa2.obj
d:\github\masm32-package-vs2015.git\trunk\m32lib\debug\frame3d.obj
d:\github\masm32-package-vs2015.git\trunk\m32lib\debug\framegrp.obj
d:\github\masm32-package-vs2015.git\trunk\m32lib\debug\framewin.obj
d:\github\masm32-package-vs2015.git\trunk\m32lib\debug\free.obj
d:\github\masm32-package-vs2015.git\trunk\m32lib\debug\frmctrl.obj
d:\github\masm32-package-vs2015.git\trunk\m32lib\debug\getcbtxt.obj
d:\github\masm32-package-vs2015.git\trunk\m32lib\debug\getcl.obj
d:\github\masm32-package-vs2015.git\trunk\m32lib\debug\getcl_ex.obj
d:\github\masm32-package-vs2015.git\trunk\m32lib\debug\geterror.obj
d:\github\masm32-package-vs2015.git\trunk\m32lib\debug\getfile.obj
d:\github\masm32-package-vs2015.git\trunk\m32lib\debug\getip.obj
d:\github\masm32-package-vs2015.git\trunk\m32lib\debug\getlcnt.obj
d:\github\masm32-package-vs2015.git\trunk\m32lib\debug\getml.obj
d:\github\masm32-package-vs2015.git\trunk\m32lib\debug\getpcnt.obj
d:\github\masm32-package-vs2015.git\trunk\m32lib\debug\getpth.obj
d:\github\masm32-package-vs2015.git\trunk\m32lib\debug\gettext.obj
d:\github\masm32-package-vs2015.git\trunk\m32lib\debug\h2btbl.obj
d:\github\masm32-package-vs2015.git\trunk\m32lib\debug\hex2bin.obj
d:\github\masm32-package-vs2015.git\trunk\m32lib\debug\hexdump.obj
d:\github\masm32-package-vs2015.git\trunk\m32lib\debug\hexflip.obj
d:\github\masm32-package-vs2015.git\trunk\m32lib\debug\hextbl.obj
d:\github\masm32-package-vs2015.git\trunk\m32lib\debug\htodw.obj
d:\github\masm32-package-vs2015.git\trunk\m32lib\debug\instring.obj
d:\github\masm32-package-vs2015.git\trunk\m32lib\debug\intdiv.obj
d:\github\masm32-package-vs2015.git\trunk\m32lib\debug\intmul.obj
d:\github\masm32-package-vs2015.git\trunk\m32lib\debug\intsqrt.obj
d:\github\masm32-package-vs2015.git\trunk\m32lib\debug\ip2str.obj
d:\github\masm32-package-vs2015.git\trunk\m32lib\debug\isalpha.obj
d:\github\masm32-package-vs2015.git\trunk\m32lib\debug\isanum.obj
d:\github\masm32-package-vs2015.git\trunk\m32lib\debug\islower.obj
d:\github\masm32-package-vs2015.git\trunk\m32lib\debug\isnumber.obj
d:\github\masm32-package-vs2015.git\trunk\m32lib\debug\isupper.obj
d:\github\masm32-package-vs2015.git\trunk\m32lib\debug\lfcnt.obj
d:\github\masm32-package-vs2015.git\trunk\m32lib\debug\line.obj
d:\github\masm32-package-vs2015.git\trunk\m32lib\debug\loadlist.obj
d:\github\masm32-package-vs2015.git\trunk\m32lib\debug\locate.obj
d:\github\masm32-package-vs2015.git\trunk\m32lib\debug\lstdrivs.obj
d:\github\masm32-package-vs2015.git\trunk\m32lib\debug\ltoa.obj
d:\github\masm32-package-vs2015.git\trunk\m32lib\debug\ltok.obj
d:\github\masm32-package-vs2015.git\trunk\m32lib\debug\memcopy.obj
d:\github\masm32-package-vs2015.git\trunk\m32lib\debug\memfill.obj
d:\github\masm32-package-vs2015.git\trunk\m32lib\debug\namefpth.obj
d:\github\masm32-package-vs2015.git\trunk\m32lib\debug\namefrompathw.obj
d:\github\masm32-package-vs2015.git\trunk\m32lib\debug\nrand.obj
d:\github\masm32-package-vs2015.git\trunk\m32lib\debug\opendlg.obj
d:\github\masm32-package-vs2015.git\trunk\m32lib\debug\pagedlg.obj
d:\github\masm32-package-vs2015.git\trunk\m32lib\debug\parsline.obj
d:\github\masm32-package-vs2015.git\trunk\m32lib\debug\partial.obj
d:\github\masm32-package-vs2015.git\trunk\m32lib\debug\pathonlyw.obj
d:\github\masm32-package-vs2015.git\trunk\m32lib\debug\printdlg.obj
d:\github\masm32-package-vs2015.git\trunk\m32lib\debug\qsorta.obj
d:\github\masm32-package-vs2015.git\trunk\m32lib\debug\qsortd.obj
d:\github\masm32-package-vs2015.git\trunk\m32lib\debug\qstsorta.obj
d:\github\masm32-package-vs2015.git\trunk\m32lib\debug\qstsortd.obj
d:\github\masm32-package-vs2015.git\trunk\m32lib\debug\readdisk.obj
d:\github\masm32-package-vs2015.git\trunk\m32lib\debug\readdiskw.obj
d:\github\masm32-package-vs2015.git\trunk\m32lib\debug\readline.obj
d:\github\masm32-package-vs2015.git\trunk\m32lib\debug\reload.obj
d:\github\masm32-package-vs2015.git\trunk\m32lib\debug\resave.obj
d:\github\masm32-package-vs2015.git\trunk\m32lib\debug\retfont.obj
d:\github\masm32-package-vs2015.git\trunk\m32lib\debug\retkey.obj
d:\github\masm32-package-vs2015.git\trunk\m32lib\debug\riched1.obj
d:\github\masm32-package-vs2015.git\trunk\m32lib\debug\riched2.obj
d:\github\masm32-package-vs2015.git\trunk\m32lib\debug\roldata.obj
d:\github\masm32-package-vs2015.git\trunk\m32lib\debug\rordata.obj
d:\github\masm32-package-vs2015.git\trunk\m32lib\debug\rsync_ex.obj
d:\github\masm32-package-vs2015.git\trunk\m32lib\debug\runsync.obj
d:\github\masm32-package-vs2015.git\trunk\m32lib\debug\savedlg.obj
d:\github\masm32-package-vs2015.git\trunk\m32lib\debug\sbm.obj
d:\github\masm32-package-vs2015.git\trunk\m32lib\debug\setbmclr.obj
d:\github\masm32-package-vs2015.git\trunk\m32lib\debug\setcbtxt.obj
d:\github\masm32-package-vs2015.git\trunk\m32lib\debug\shell.obj
d:\github\masm32-package-vs2015.git\trunk\m32lib\debug\shell_ex.obj
d:\github\masm32-package-vs2015.git\trunk\m32lib\debug\ssorta.obj
d:\github\masm32-package-vs2015.git\trunk\m32lib\debug\ssortd.obj
d:\github\masm32-package-vs2015.git\trunk\m32lib\debug\stderr.obj
d:\github\masm32-package-vs2015.git\trunk\m32lib\debug\stderrw.obj
d:\github\masm32-package-vs2015.git\trunk\m32lib\debug\stdin.obj
d:\github\masm32-package-vs2015.git\trunk\m32lib\debug\stdinw.obj
d:\github\masm32-package-vs2015.git\trunk\m32lib\debug\stdout.obj
d:\github\masm32-package-vs2015.git\trunk\m32lib\debug\stdoutw.obj
d:\github\masm32-package-vs2015.git\trunk\m32lib\debug\stripi.obj
d:\github\masm32-package-vs2015.git\trunk\m32lib\debug\striplf.obj
d:\github\masm32-package-vs2015.git\trunk\m32lib\debug\stripx.obj
d:\github\masm32-package-vs2015.git\trunk\m32lib\debug\strlen.obj
d:\github\masm32-package-vs2015.git\trunk\m32lib\debug\szappend.obj
d:\github\masm32-package-vs2015.git\trunk\m32lib\debug\szcatstr.obj
d:\github\masm32-package-vs2015.git\trunk\m32lib\debug\szcmp.obj
d:\github\masm32-package-vs2015.git\trunk\m32lib\debug\szcmpi.obj
d:\github\masm32-package-vs2015.git\trunk\m32lib\debug\szcopy.obj
d:\github\masm32-package-vs2015.git\trunk\m32lib\debug\szleft.obj
d:\github\masm32-package-vs2015.git\trunk\m32lib\debug\szlen.obj
d:\github\masm32-package-vs2015.git\trunk\m32lib\debug\szlower.obj
d:\github\masm32-package-vs2015.git\trunk\m32lib\debug\szltrim.obj
d:\github\masm32-package-vs2015.git\trunk\m32lib\debug\szmid.obj
d:\github\masm32-package-vs2015.git\trunk\m32lib\debug\szmonosp.obj
d:\github\masm32-package-vs2015.git\trunk\m32lib\debug\szmulcat.obj
d:\github\masm32-package-vs2015.git\trunk\m32lib\debug\szremove.obj
d:\github\masm32-package-vs2015.git\trunk\m32lib\debug\szreplac.obj
d:\github\masm32-package-vs2015.git\trunk\m32lib\debug\szrev.obj
d:\github\masm32-package-vs2015.git\trunk\m32lib\debug\szright.obj
d:\github\masm32-package-vs2015.git\trunk\m32lib\debug\szrtrim.obj
d:\github\masm32-package-vs2015.git\trunk\m32lib\debug\sztrim.obj
d:\github\masm32-package-vs2015.git\trunk\m32lib\debug\szupper.obj
d:\github\masm32-package-vs2015.git\trunk\m32lib\debug\szwcnt.obj
d:\github\masm32-package-vs2015.git\trunk\m32lib\debug\testreg.obj
d:\github\masm32-package-vs2015.git\trunk\m32lib\debug\tstline.obj
d:\github\masm32-package-vs2015.git\trunk\m32lib\debug\ucappend.obj
d:\github\masm32-package-vs2015.git\trunk\m32lib\debug\ucargbynum.obj
d:\github\masm32-package-vs2015.git\trunk\m32lib\debug\uccat.obj
d:\github\masm32-package-vs2015.git\trunk\m32lib\debug\uccmdtail.obj
d:\github\masm32-package-vs2015.git\trunk\m32lib\debug\uccmp.obj
d:\github\masm32-package-vs2015.git\trunk\m32lib\debug\uccopy.obj
d:\github\masm32-package-vs2015.git\trunk\m32lib\debug\ucfind.obj
d:\github\masm32-package-vs2015.git\trunk\m32lib\debug\ucgetcl.obj
d:\github\masm32-package-vs2015.git\trunk\m32lib\debug\ucgetline.obj
d:\github\masm32-package-vs2015.git\trunk\m32lib\debug\ucleft.obj
d:\github\masm32-package-vs2015.git\trunk\m32lib\debug\uclen.obj
d:\github\masm32-package-vs2015.git\trunk\m32lib\debug\uclower.obj
d:\github\masm32-package-vs2015.git\trunk\m32lib\debug\ucltrim.obj
d:\github\masm32-package-vs2015.git\trunk\m32lib\debug\ucmid.obj
d:\github\masm32-package-vs2015.git\trunk\m32lib\debug\ucmonospace.obj
d:\github\masm32-package-vs2015.git\trunk\m32lib\debug\ucmulcat.obj
d:\github\masm32-package-vs2015.git\trunk\m32lib\debug\ucremove.obj
d:\github\masm32-package-vs2015.git\trunk\m32lib\debug\ucrep.obj
d:\github\masm32-package-vs2015.git\trunk\m32lib\debug\ucrev.obj
d:\github\masm32-package-vs2015.git\trunk\m32lib\debug\ucright.obj
d:\github\masm32-package-vs2015.git\trunk\m32lib\debug\ucrtrim.obj
d:\github\masm32-package-vs2015.git\trunk\m32lib\debug\ucupper.obj
d:\github\masm32-package-vs2015.git\trunk\m32lib\debug\ucwcnt.obj
d:\github\masm32-package-vs2015.git\trunk\m32lib\debug\udw2str.obj
d:\github\masm32-package-vs2015.git\trunk\m32lib\debug\uopendlg.obj
d:\github\masm32-package-vs2015.git\trunk\m32lib\debug\usavedlg.obj
d:\github\masm32-package-vs2015.git\trunk\m32lib\debug\ustr2dw.obj
d:\github\masm32-package-vs2015.git\trunk\m32lib\debug\vtile.obj
d:\github\masm32-package-vs2015.git\trunk\m32lib\debug\w2b_ex.obj
d:\github\masm32-package-vs2015.git\trunk\m32lib\debug\wait_key.obj
d:\github\masm32-package-vs2015.git\trunk\m32lib\debug\wordcnt.obj
d:\github\masm32-package-vs2015.git\trunk\m32lib\debug\wordrep.obj
d:\github\masm32-package-vs2015.git\trunk\m32lib\debug\writdisk.obj
d:\github\masm32-package-vs2015.git\trunk\m32lib\debug\writdiskw.obj
d:\github\masm32-package-vs2015.git\trunk\m32lib\debug\writline.obj
d:\github\masm32-package-vs2015.git\trunk\m32lib\debug\wshell.obj
d:\github\masm32-package-vs2015.git\trunk\m32lib\debug\wtok.obj
d:\github\masm32-package-vs2015.git\trunk\m32lib\debug\xordata.obj
d:\github\masm32-package-vs2015.git\trunk\m32lib\debug\masm32.tlog\lib-link.read.1.tlog
d:\github\masm32-package-vs2015.git\trunk\m32lib\debug\masm32.tlog\lib-link.write.1.tlog
d:\github\masm32-package-vs2015.git\trunk\m32lib\debug\masm32.tlog\lib.command.1.tlog
d:\github\masm32-package-vs2015.git\trunk\m32lib\debug\masm32.tlog\masm32.write.1u.tlog
