d:\github\masm32-package-vs2015.git\trunk\fpulib\debug\fpuabs.obj
d:\github\masm32-package-vs2015.git\trunk\fpulib\debug\fpuadd.obj
d:\github\masm32-package-vs2015.git\trunk\fpulib\debug\fpuarccos.obj
d:\github\masm32-package-vs2015.git\trunk\fpulib\debug\fpuarccosh.obj
d:\github\masm32-package-vs2015.git\trunk\fpulib\debug\fpuarcsin.obj
d:\github\masm32-package-vs2015.git\trunk\fpulib\debug\fpuarcsinh.obj
d:\github\masm32-package-vs2015.git\trunk\fpulib\debug\fpuarctan.obj
d:\github\masm32-package-vs2015.git\trunk\fpulib\debug\fpuarctanh.obj
d:\github\masm32-package-vs2015.git\trunk\fpulib\debug\fpuatofl.obj
d:\github\masm32-package-vs2015.git\trunk\fpulib\debug\fpuchs.obj
d:\github\masm32-package-vs2015.git\trunk\fpulib\debug\fpucomp.obj
d:\github\masm32-package-vs2015.git\trunk\fpulib\debug\fpucos.obj
d:\github\masm32-package-vs2015.git\trunk\fpulib\debug\fpucosh.obj
d:\github\masm32-package-vs2015.git\trunk\fpulib\debug\fpudiv.obj
d:\github\masm32-package-vs2015.git\trunk\fpulib\debug\fpueexpx.obj
d:\github\masm32-package-vs2015.git\trunk\fpulib\debug\fpuexam.obj
d:\github\masm32-package-vs2015.git\trunk\fpulib\debug\fpufltoa.obj
d:\github\masm32-package-vs2015.git\trunk\fpulib\debug\fpulnx.obj
d:\github\masm32-package-vs2015.git\trunk\fpulib\debug\fpulogx.obj
d:\github\masm32-package-vs2015.git\trunk\fpulib\debug\fpumod.obj
d:\github\masm32-package-vs2015.git\trunk\fpulib\debug\fpumul.obj
d:\github\masm32-package-vs2015.git\trunk\fpulib\debug\fpuround.obj
d:\github\masm32-package-vs2015.git\trunk\fpulib\debug\fpusin.obj
d:\github\masm32-package-vs2015.git\trunk\fpulib\debug\fpusinh.obj
d:\github\masm32-package-vs2015.git\trunk\fpulib\debug\fpusize.obj
d:\github\masm32-package-vs2015.git\trunk\fpulib\debug\fpusqrt.obj
d:\github\masm32-package-vs2015.git\trunk\fpulib\debug\fpustate.obj
d:\github\masm32-package-vs2015.git\trunk\fpulib\debug\fpusub.obj
d:\github\masm32-package-vs2015.git\trunk\fpulib\debug\fputan.obj
d:\github\masm32-package-vs2015.git\trunk\fpulib\debug\fputanh.obj
d:\github\masm32-package-vs2015.git\trunk\fpulib\debug\fputexpx.obj
d:\github\masm32-package-vs2015.git\trunk\fpulib\debug\fputrunc.obj
d:\github\masm32-package-vs2015.git\trunk\fpulib\debug\fpuxexpy.obj
d:\github\masm32-package-vs2015.git\trunk\fpulib\debug\smdtoa.obj
d:\github\masm32-package-vs2015.git\trunk\fpulib\debug\smqtoa.obj
d:\github\masm32-package-vs2015.git\trunk\fpulib\debug\umdtoa.obj
d:\github\masm32-package-vs2015.git\trunk\fpulib\debug\umqtoa.obj
d:\github\masm32-package-vs2015.git\trunk\debug\packages\fpulib\fpulib.lib
d:\github\masm32-package-vs2015.git\trunk\fpulib\debug\fpulib.tlog\fpulib.write.1u.tlog
d:\github\masm32-package-vs2015.git\trunk\fpulib\debug\fpulib.tlog\lib-link.read.1.tlog
d:\github\masm32-package-vs2015.git\trunk\fpulib\debug\fpulib.tlog\lib-link.write.1.tlog
d:\github\masm32-package-vs2015.git\trunk\fpulib\debug\fpulib.tlog\lib.command.1.tlog
