  Assembling FpuAbs.asm...
  Assembling FpuAdd.asm...
  Assembling FpuArccos.asm...
FpuArccos.asm(122): warning A5000: @@: label defined but not referenced
  Assembling FpuArccosh.asm...
  Assembling FpuArcsin.asm...
FpuArcsin.asm(122): warning A5000: @@: label defined but not referenced
  Assembling FpuArcsinh.asm...
  Assembling FpuArctan.asm...
FpuArctan.asm(119): warning A5000: @@: label defined but not referenced
  Assembling FpuArctanh.asm...
FpuArctanh.asm(120): warning A5000: @@: label defined but not referenced
  Assembling FpuAtoFL.asm...
FpuAtoFL.asm(365): warning A5000: @@: label defined but not referenced
  Assembling FpuChs.asm...
FpuChs.asm(118): warning A5000: @@: label defined but not referenced
  Assembling FpuComp.asm...
FpuComp.asm(238): warning A6004: procedure argument or local not referenced : tempst
  Assembling FpuCos.asm...
  Assembling FpuCosh.asm...
  Assembling FpuDiv.asm...
  Assembling FpuEexpX.asm...
  Assembling FpuExam.asm...
  Assembling FpuFLtoA.asm...
FpuFLtoA.asm(439): warning A6004: procedure argument or local not referenced : tempst
  Assembling FpuLnx.asm...
  Assembling FpuLogx.asm...
  Assembling FpuMod.asm...
  Assembling FpuMul.asm...
  Assembling FpuRound.asm...
  Assembling FpuSin.asm...
  Assembling FpuSinh.asm...
  Assembling FpuSize.asm...
FpuSize.asm(171): warning A6004: procedure argument or local not referenced : tempst
  Assembling FpuSqrt.asm...
  Assembling FpuState.asm...
  Assembling FpuSub.asm...
  Assembling FpuTan.asm...
  Assembling FpuTanh.asm...
  Assembling FpuTexpX.asm...
  Assembling FpuTrunc.asm...
  Assembling FpuXexpY.asm...
  Assembling smdtoa.asm...
  Assembling smqtoa.asm...
  Assembling umdtoa.asm...
  Assembling umqtoa.asm...
  FPULib.vcxproj -> D:\Github\masm32-package-vs2015.git\trunk\Debug\PACKAGES\FPULib\FPULib.lib
